[2026-07-08T10:40:36.669+0000] {local_task_job_runner.py:120} INFO - ::group::Pre task execution logs
[2026-07-08T10:40:36.693+0000] {taskinstance.py:2076} INFO - Dependencies all met for dep_context=non-requeueable deps ti=<TaskInstance: stock_etl_pipeline.extract_task manual__2026-07-08T10:40:35.687458+00:00 [queued]>
[2026-07-08T10:40:36.698+0000] {taskinstance.py:2076} INFO - Dependencies all met for dep_context=requeueable deps ti=<TaskInstance: stock_etl_pipeline.extract_task manual__2026-07-08T10:40:35.687458+00:00 [queued]>
[2026-07-08T10:40:36.699+0000] {taskinstance.py:2306} INFO - Starting attempt 1 of 3
[2026-07-08T10:40:36.708+0000] {taskinstance.py:2330} INFO - Executing <Task(PythonOperator): extract_task> on 2026-07-08 10:40:35.687458+00:00
[2026-07-08T10:40:36.715+0000] {logging_mixin.py:188} WARNING - /home/***/.local/lib/python3.12/site-packages/***/task/task_runner/standard_task_runner.py:61 DeprecationWarning: This process (pid=294) is multi-threaded, use of fork() may lead to deadlocks in the child.
[2026-07-08T10:40:36.716+0000] {standard_task_runner.py:63} INFO - Started process 296 to run task
[2026-07-08T10:40:36.715+0000] {standard_task_runner.py:90} INFO - Running: ['***', 'tasks', 'run', 'stock_etl_pipeline', 'extract_task', 'manual__2026-07-08T10:40:35.687458+00:00', '--job-id', '6', '--raw', '--subdir', 'DAGS_FOLDER/stock_pipeline_dag.py', '--cfg-path', '/tmp/tmprkkgtppf']
[2026-07-08T10:40:36.717+0000] {standard_task_runner.py:91} INFO - Job 6: Subtask extract_task
[2026-07-08T10:40:36.760+0000] {task_command.py:426} INFO - Running <TaskInstance: stock_etl_pipeline.extract_task manual__2026-07-08T10:40:35.687458+00:00 [running]> on host e1f8da5b0837
[2026-07-08T10:40:36.820+0000] {taskinstance.py:2648} INFO - Exporting env vars: AIRFLOW_CTX_DAG_OWNER='tent' AIRFLOW_CTX_DAG_ID='stock_etl_pipeline' AIRFLOW_CTX_TASK_ID='extract_task' AIRFLOW_CTX_EXECUTION_DATE='2026-07-08T10:40:35.687458+00:00' AIRFLOW_CTX_TRY_NUMBER='1' AIRFLOW_CTX_DAG_RUN_ID='manual__2026-07-08T10:40:35.687458+00:00'
[2026-07-08T10:40:36.822+0000] {taskinstance.py:430} INFO - ::endgroup::
[2026-07-08T10:40:36.830+0000] {extract_stock_data.py:16} INFO - Fetching data for SNDK...
[2026-07-08T10:40:37.526+0000] {extract_stock_data.py:16} INFO - Fetching data for ASTS...
[2026-07-08T10:40:37.590+0000] {extract_stock_data.py:16} INFO - Fetching data for JNJ...
[2026-07-08T10:40:37.740+0000] {extract_stock_data.py:16} INFO - Fetching data for GOOGL...
[2026-07-08T10:40:37.803+0000] {extract_stock_data.py:16} INFO - Fetching data for VRT...
[2026-07-08T10:40:37.874+0000] {extract_stock_data.py:16} INFO - Fetching data for NVDA...
[2026-07-08T10:40:37.963+0000] {extract_stock_data.py:16} INFO - Fetching data for RKLB...
[2026-07-08T10:40:38.047+0000] {python.py:237} INFO - Done. Returned value was: None
[2026-07-08T10:40:38.048+0000] {taskinstance.py:441} INFO - ::group::Post task execution logs
[2026-07-08T10:40:38.057+0000] {taskinstance.py:1206} INFO - Marking task as SUCCESS. dag_id=stock_etl_pipeline, task_id=extract_task, run_id=manual__2026-07-08T10:40:35.687458+00:00, execution_date=20260708T104035, start_date=20260708T104036, end_date=20260708T104038
[2026-07-08T10:40:38.097+0000] {local_task_job_runner.py:240} INFO - Task exited with return code 0
[2026-07-08T10:40:38.118+0000] {taskinstance.py:3503} INFO - 1 downstream tasks scheduled from follow-on schedule check
[2026-07-08T10:40:38.120+0000] {local_task_job_runner.py:222} INFO - ::endgroup::
