[2026-07-08T10:57:28.112+0000] {local_task_job_runner.py:120} INFO - ::group::Pre task execution logs
[2026-07-08T10:57:28.137+0000] {taskinstance.py:2076} INFO - Dependencies all met for dep_context=non-requeueable deps ti=<TaskInstance: stock_etl_pipeline.dbt_run_task manual__2026-07-08T10:57:22.767410+00:00 [queued]>
[2026-07-08T10:57:28.145+0000] {taskinstance.py:2076} INFO - Dependencies all met for dep_context=requeueable deps ti=<TaskInstance: stock_etl_pipeline.dbt_run_task manual__2026-07-08T10:57:22.767410+00:00 [queued]>
[2026-07-08T10:57:28.146+0000] {taskinstance.py:2306} INFO - Starting attempt 1 of 3
[2026-07-08T10:57:28.156+0000] {taskinstance.py:2330} INFO - Executing <Task(BashOperator): dbt_run_task> on 2026-07-08 10:57:22.767410+00:00
[2026-07-08T10:57:28.165+0000] {logging_mixin.py:188} WARNING - /home/***/.local/lib/python3.12/site-packages/***/task/task_runner/standard_task_runner.py:61 DeprecationWarning: This process (pid=439) is multi-threaded, use of fork() may lead to deadlocks in the child.
[2026-07-08T10:57:28.164+0000] {standard_task_runner.py:90} INFO - Running: ['***', 'tasks', 'run', 'stock_etl_pipeline', 'dbt_run_task', 'manual__2026-07-08T10:57:22.767410+00:00', '--job-id', '19', '--raw', '--subdir', 'DAGS_FOLDER/stock_pipeline_dag.py', '--cfg-path', '/tmp/tmpmozvesww']
[2026-07-08T10:57:28.167+0000] {standard_task_runner.py:91} INFO - Job 19: Subtask dbt_run_task
[2026-07-08T10:57:28.167+0000] {standard_task_runner.py:63} INFO - Started process 448 to run task
[2026-07-08T10:57:28.214+0000] {task_command.py:426} INFO - Running <TaskInstance: stock_etl_pipeline.dbt_run_task manual__2026-07-08T10:57:22.767410+00:00 [running]> on host 4bb633874362
[2026-07-08T10:57:28.283+0000] {taskinstance.py:2648} INFO - Exporting env vars: AIRFLOW_CTX_DAG_OWNER='tent' AIRFLOW_CTX_DAG_ID='stock_etl_pipeline' AIRFLOW_CTX_TASK_ID='dbt_run_task' AIRFLOW_CTX_EXECUTION_DATE='2026-07-08T10:57:22.767410+00:00' AIRFLOW_CTX_TRY_NUMBER='1' AIRFLOW_CTX_DAG_RUN_ID='manual__2026-07-08T10:57:22.767410+00:00'
[2026-07-08T10:57:28.285+0000] {taskinstance.py:430} INFO - ::endgroup::
[2026-07-08T10:57:28.295+0000] {subprocess.py:63} INFO - Tmp dir root location: /tmp
[2026-07-08T10:57:28.297+0000] {subprocess.py:75} INFO - Running command: ['/usr/bin/bash', '-c', 'cd /opt/***/dbt_project && dbt run --profiles-dir /opt/***/dbt_profiles']
[2026-07-08T10:57:28.310+0000] {subprocess.py:86} INFO - Output:
[2026-07-08T10:57:30.846+0000] {subprocess.py:93} INFO - [0m10:57:30  Running with dbt=1.12.0-rc1
[2026-07-08T10:57:31.286+0000] {subprocess.py:93} INFO - [0m10:57:31  Registered adapter: postgres=1.10.2
[2026-07-08T10:57:31.553+0000] {subprocess.py:93} INFO - [0m10:57:31  Unable to do partial parsing because profile has changed
[2026-07-08T10:57:33.516+0000] {subprocess.py:93} INFO - [0m10:57:33  Found 4 models, 6 data tests, 1 source, 475 macros
[2026-07-08T10:57:33.520+0000] {subprocess.py:93} INFO - [0m10:57:33
[2026-07-08T10:57:33.521+0000] {subprocess.py:93} INFO - [0m10:57:33  Concurrency: 4 threads (target='dev')
[2026-07-08T10:57:33.522+0000] {subprocess.py:93} INFO - [0m10:57:33
[2026-07-08T10:57:33.723+0000] {subprocess.py:93} INFO - [0m10:57:33  1 of 4 START sql table model public.my_first_dbt_model ......................... [RUN]
[2026-07-08T10:57:33.724+0000] {subprocess.py:93} INFO - [0m10:57:33  2 of 4 START sql view model public.stg_stock_prices ............................ [RUN]
[2026-07-08T10:57:33.932+0000] {subprocess.py:93} INFO - [0m10:57:33  1 of 4 OK created sql table model public.my_first_dbt_model .................... [[32mSELECT 2[0m in 0.20s]
[2026-07-08T10:57:33.933+0000] {subprocess.py:93} INFO - [0m10:57:33  2 of 4 OK created sql view model public.stg_stock_prices ....................... [[32mCREATE VIEW[0m in 0.20s]
[2026-07-08T10:57:33.939+0000] {subprocess.py:93} INFO - [0m10:57:33  3 of 4 START sql view model public.my_second_dbt_model ......................... [RUN]
[2026-07-08T10:57:33.940+0000] {subprocess.py:93} INFO - [0m10:57:33  4 of 4 START sql view model public.mart_stock_indicators ....................... [RUN]
[2026-07-08T10:57:34.047+0000] {subprocess.py:93} INFO - [0m10:57:34  3 of 4 OK created sql view model public.my_second_dbt_model .................... [[32mCREATE VIEW[0m in 0.10s]
[2026-07-08T10:57:34.050+0000] {subprocess.py:93} INFO - [0m10:57:34  4 of 4 OK created sql view model public.mart_stock_indicators .................. [[32mCREATE VIEW[0m in 0.11s]
[2026-07-08T10:57:34.069+0000] {subprocess.py:93} INFO - [0m10:57:34
[2026-07-08T10:57:34.070+0000] {subprocess.py:93} INFO - [0m10:57:34  Finished running 1 table model, 3 view models in 0 hours 0 minutes and 0.55 seconds (0.55s).
[2026-07-08T10:57:34.184+0000] {subprocess.py:93} INFO - [0m10:57:34
[2026-07-08T10:57:34.185+0000] {subprocess.py:93} INFO - [0m10:57:34  [32mCompleted successfully[0m
[2026-07-08T10:57:34.187+0000] {subprocess.py:93} INFO - [0m10:57:34
[2026-07-08T10:57:34.189+0000] {subprocess.py:93} INFO - [0m10:57:34  Done. PASS=4 WARN=0 ERROR=0 SKIP=0 NO-OP=0 REUSED=0 TOTAL=4
[2026-07-08T10:57:35.647+0000] {subprocess.py:97} INFO - Command exited with return code 0
[2026-07-08T10:57:35.649+0000] {taskinstance.py:441} INFO - ::group::Post task execution logs
[2026-07-08T10:57:35.682+0000] {taskinstance.py:1206} INFO - Marking task as SUCCESS. dag_id=stock_etl_pipeline, task_id=dbt_run_task, run_id=manual__2026-07-08T10:57:22.767410+00:00, execution_date=20260708T105722, start_date=20260708T105728, end_date=20260708T105735
[2026-07-08T10:57:35.721+0000] {local_task_job_runner.py:240} INFO - Task exited with return code 0
[2026-07-08T10:57:35.745+0000] {taskinstance.py:3503} INFO - 0 downstream tasks scheduled from follow-on schedule check
[2026-07-08T10:57:35.748+0000] {local_task_job_runner.py:222} INFO - ::endgroup::
