[2026-07-08T10:58:04.625+0000] {local_task_job_runner.py:120} INFO - ::group::Pre task execution logs
[2026-07-08T10:58:04.655+0000] {taskinstance.py:2076} INFO - Dependencies all met for dep_context=non-requeueable deps ti=<TaskInstance: stock_etl_pipeline.dbt_run_task manual__2026-07-08T10:52:56.584849+00:00 [queued]>
[2026-07-08T10:58:04.662+0000] {taskinstance.py:2076} INFO - Dependencies all met for dep_context=requeueable deps ti=<TaskInstance: stock_etl_pipeline.dbt_run_task manual__2026-07-08T10:52:56.584849+00:00 [queued]>
[2026-07-08T10:58:04.663+0000] {taskinstance.py:2306} INFO - Starting attempt 1 of 3
[2026-07-08T10:58:04.672+0000] {taskinstance.py:2330} INFO - Executing <Task(BashOperator): dbt_run_task> on 2026-07-08 10:52:56.584849+00:00
[2026-07-08T10:58:04.680+0000] {logging_mixin.py:188} WARNING - /home/***/.local/lib/python3.12/site-packages/***/task/task_runner/standard_task_runner.py:61 DeprecationWarning: This process (pid=489) is multi-threaded, use of fork() may lead to deadlocks in the child.
[2026-07-08T10:58:04.680+0000] {standard_task_runner.py:90} INFO - Running: ['***', 'tasks', 'run', 'stock_etl_pipeline', 'dbt_run_task', 'manual__2026-07-08T10:52:56.584849+00:00', '--job-id', '21', '--raw', '--subdir', 'DAGS_FOLDER/stock_pipeline_dag.py', '--cfg-path', '/tmp/tmplxmfn2k6']
[2026-07-08T10:58:04.681+0000] {standard_task_runner.py:63} INFO - Started process 491 to run task
[2026-07-08T10:58:04.682+0000] {standard_task_runner.py:91} INFO - Job 21: Subtask dbt_run_task
[2026-07-08T10:58:04.729+0000] {task_command.py:426} INFO - Running <TaskInstance: stock_etl_pipeline.dbt_run_task manual__2026-07-08T10:52:56.584849+00:00 [running]> on host 4bb633874362
[2026-07-08T10:58:04.794+0000] {taskinstance.py:2648} INFO - Exporting env vars: AIRFLOW_CTX_DAG_OWNER='tent' AIRFLOW_CTX_DAG_ID='stock_etl_pipeline' AIRFLOW_CTX_TASK_ID='dbt_run_task' AIRFLOW_CTX_EXECUTION_DATE='2026-07-08T10:52:56.584849+00:00' AIRFLOW_CTX_TRY_NUMBER='1' AIRFLOW_CTX_DAG_RUN_ID='manual__2026-07-08T10:52:56.584849+00:00'
[2026-07-08T10:58:04.795+0000] {taskinstance.py:430} INFO - ::endgroup::
[2026-07-08T10:58:04.804+0000] {subprocess.py:63} INFO - Tmp dir root location: /tmp
[2026-07-08T10:58:04.805+0000] {subprocess.py:75} INFO - Running command: ['/usr/bin/bash', '-c', 'cd /opt/***/dbt_project && dbt run --profiles-dir /opt/***/dbt_profiles']
[2026-07-08T10:58:04.816+0000] {subprocess.py:86} INFO - Output:
[2026-07-08T10:58:07.016+0000] {subprocess.py:93} INFO - [0m10:58:07  Running with dbt=1.12.0-rc1
[2026-07-08T10:58:07.408+0000] {subprocess.py:93} INFO - [0m10:58:07  Registered adapter: postgres=1.10.2
[2026-07-08T10:58:07.934+0000] {subprocess.py:93} INFO - [0m10:58:07  Found 4 models, 6 data tests, 1 source, 475 macros
[2026-07-08T10:58:07.940+0000] {subprocess.py:93} INFO - [0m10:58:07
[2026-07-08T10:58:07.943+0000] {subprocess.py:93} INFO - [0m10:58:07  Concurrency: 4 threads (target='dev')
[2026-07-08T10:58:07.944+0000] {subprocess.py:93} INFO - [0m10:58:07
[2026-07-08T10:58:08.061+0000] {subprocess.py:93} INFO - [0m10:58:08  1 of 4 START sql table model public.my_first_dbt_model ......................... [RUN]
[2026-07-08T10:58:08.062+0000] {subprocess.py:93} INFO - [0m10:58:08  2 of 4 START sql view model public.stg_stock_prices ............................ [RUN]
[2026-07-08T10:58:08.338+0000] {subprocess.py:93} INFO - [0m10:58:08  1 of 4 OK created sql table model public.my_first_dbt_model .................... [[32mSELECT 2[0m in 0.27s]
[2026-07-08T10:58:08.339+0000] {subprocess.py:93} INFO - [0m10:58:08  2 of 4 OK created sql view model public.stg_stock_prices ....................... [[32mCREATE VIEW[0m in 0.27s]
[2026-07-08T10:58:08.345+0000] {subprocess.py:93} INFO - [0m10:58:08  3 of 4 START sql view model public.mart_stock_indicators ....................... [RUN]
[2026-07-08T10:58:08.346+0000] {subprocess.py:93} INFO - [0m10:58:08  4 of 4 START sql view model public.my_second_dbt_model ......................... [RUN]
[2026-07-08T10:58:08.430+0000] {subprocess.py:93} INFO - [0m10:58:08  4 of 4 OK created sql view model public.my_second_dbt_model .................... [[32mCREATE VIEW[0m in 0.08s]
[2026-07-08T10:58:08.437+0000] {subprocess.py:93} INFO - [0m10:58:08  3 of 4 OK created sql view model public.mart_stock_indicators .................. [[32mCREATE VIEW[0m in 0.09s]
[2026-07-08T10:58:08.457+0000] {subprocess.py:93} INFO - [0m10:58:08
[2026-07-08T10:58:08.459+0000] {subprocess.py:93} INFO - [0m10:58:08  Finished running 1 table model, 3 view models in 0 hours 0 minutes and 0.51 seconds (0.51s).
[2026-07-08T10:58:08.558+0000] {subprocess.py:93} INFO - [0m10:58:08
[2026-07-08T10:58:08.559+0000] {subprocess.py:93} INFO - [0m10:58:08  [32mCompleted successfully[0m
[2026-07-08T10:58:08.560+0000] {subprocess.py:93} INFO - [0m10:58:08
[2026-07-08T10:58:08.562+0000] {subprocess.py:93} INFO - [0m10:58:08  Done. PASS=4 WARN=0 ERROR=0 SKIP=0 NO-OP=0 REUSED=0 TOTAL=4
[2026-07-08T10:58:10.041+0000] {subprocess.py:97} INFO - Command exited with return code 0
[2026-07-08T10:58:10.042+0000] {taskinstance.py:441} INFO - ::group::Post task execution logs
[2026-07-08T10:58:10.064+0000] {taskinstance.py:1206} INFO - Marking task as SUCCESS. dag_id=stock_etl_pipeline, task_id=dbt_run_task, run_id=manual__2026-07-08T10:52:56.584849+00:00, execution_date=20260708T105256, start_date=20260708T105804, end_date=20260708T105810
[2026-07-08T10:58:10.111+0000] {local_task_job_runner.py:240} INFO - Task exited with return code 0
[2026-07-08T10:58:10.124+0000] {taskinstance.py:3503} INFO - 0 downstream tasks scheduled from follow-on schedule check
[2026-07-08T10:58:10.126+0000] {local_task_job_runner.py:222} INFO - ::endgroup::
