[2026-07-08T10:57:23.807+0000] {local_task_job_runner.py:120} INFO - ::group::Pre task execution logs
[2026-07-08T10:57:23.831+0000] {taskinstance.py:2076} INFO - Dependencies all met for dep_context=non-requeueable deps ti=<TaskInstance: stock_etl_pipeline.extract_task manual__2026-07-08T10:57:22.767410+00:00 [queued]>
[2026-07-08T10:57:23.838+0000] {taskinstance.py:2076} INFO - Dependencies all met for dep_context=requeueable deps ti=<TaskInstance: stock_etl_pipeline.extract_task manual__2026-07-08T10:57:22.767410+00:00 [queued]>
[2026-07-08T10:57:23.839+0000] {taskinstance.py:2306} INFO - Starting attempt 1 of 3
[2026-07-08T10:57:23.849+0000] {taskinstance.py:2330} INFO - Executing <Task(PythonOperator): extract_task> on 2026-07-08 10:57:22.767410+00:00
[2026-07-08T10:57:23.856+0000] {logging_mixin.py:188} WARNING - /home/***/.local/lib/python3.12/site-packages/***/task/task_runner/standard_task_runner.py:61 DeprecationWarning: This process (pid=431) is multi-threaded, use of fork() may lead to deadlocks in the child.
[2026-07-08T10:57:23.856+0000] {standard_task_runner.py:90} INFO - Running: ['***', 'tasks', 'run', 'stock_etl_pipeline', 'extract_task', 'manual__2026-07-08T10:57:22.767410+00:00', '--job-id', '17', '--raw', '--subdir', 'DAGS_FOLDER/stock_pipeline_dag.py', '--cfg-path', '/tmp/tmp9aaiqc_k']
[2026-07-08T10:57:23.858+0000] {standard_task_runner.py:91} INFO - Job 17: Subtask extract_task
[2026-07-08T10:57:23.858+0000] {standard_task_runner.py:63} INFO - Started process 433 to run task
[2026-07-08T10:57:23.907+0000] {task_command.py:426} INFO - Running <TaskInstance: stock_etl_pipeline.extract_task manual__2026-07-08T10:57:22.767410+00:00 [running]> on host 4bb633874362
[2026-07-08T10:57:23.973+0000] {taskinstance.py:2648} INFO - Exporting env vars: AIRFLOW_CTX_DAG_OWNER='tent' AIRFLOW_CTX_DAG_ID='stock_etl_pipeline' AIRFLOW_CTX_TASK_ID='extract_task' AIRFLOW_CTX_EXECUTION_DATE='2026-07-08T10:57:22.767410+00:00' AIRFLOW_CTX_TRY_NUMBER='1' AIRFLOW_CTX_DAG_RUN_ID='manual__2026-07-08T10:57:22.767410+00:00'
[2026-07-08T10:57:23.974+0000] {taskinstance.py:430} INFO - ::endgroup::
[2026-07-08T10:57:23.982+0000] {extract_stock_data.py:16} INFO - Fetching data for SNDK...
[2026-07-08T10:57:24.504+0000] {extract_stock_data.py:16} INFO - Fetching data for ASTS...
[2026-07-08T10:57:24.562+0000] {extract_stock_data.py:16} INFO - Fetching data for JNJ...
[2026-07-08T10:57:24.695+0000] {extract_stock_data.py:16} INFO - Fetching data for GOOGL...
[2026-07-08T10:57:24.756+0000] {extract_stock_data.py:16} INFO - Fetching data for VRT...
[2026-07-08T10:57:24.824+0000] {extract_stock_data.py:16} INFO - Fetching data for NVDA...
[2026-07-08T10:57:24.889+0000] {extract_stock_data.py:16} INFO - Fetching data for RKLB...
[2026-07-08T10:57:24.967+0000] {python.py:237} INFO - Done. Returned value was: None
[2026-07-08T10:57:24.968+0000] {taskinstance.py:441} INFO - ::group::Post task execution logs
[2026-07-08T10:57:24.977+0000] {taskinstance.py:1206} INFO - Marking task as SUCCESS. dag_id=stock_etl_pipeline, task_id=extract_task, run_id=manual__2026-07-08T10:57:22.767410+00:00, execution_date=20260708T105722, start_date=20260708T105723, end_date=20260708T105724
[2026-07-08T10:57:24.999+0000] {local_task_job_runner.py:240} INFO - Task exited with return code 0
[2026-07-08T10:57:25.022+0000] {taskinstance.py:3503} INFO - 1 downstream tasks scheduled from follow-on schedule check
[2026-07-08T10:57:25.023+0000] {local_task_job_runner.py:222} INFO - ::endgroup::
