[2026-07-14T08:22:52.764+0000] {local_task_job_runner.py:120} INFO - ::group::Pre task execution logs
[2026-07-14T08:22:52.789+0000] {taskinstance.py:2076} INFO - Dependencies all met for dep_context=non-requeueable deps ti=<TaskInstance: stock_etl_pipeline.dbt_run_task scheduled__2026-07-07T22:00:00+00:00 [queued]>
[2026-07-14T08:22:52.798+0000] {taskinstance.py:2076} INFO - Dependencies all met for dep_context=requeueable deps ti=<TaskInstance: stock_etl_pipeline.dbt_run_task scheduled__2026-07-07T22:00:00+00:00 [queued]>
[2026-07-14T08:22:52.799+0000] {taskinstance.py:2306} INFO - Starting attempt 1 of 3
[2026-07-14T08:22:52.810+0000] {taskinstance.py:2330} INFO - Executing <Task(BashOperator): dbt_run_task> on 2026-07-07 22:00:00+00:00
[2026-07-14T08:22:52.819+0000] {logging_mixin.py:188} WARNING - /home/***/.local/lib/python3.12/site-packages/***/task/task_runner/standard_task_runner.py:61 DeprecationWarning: This process (pid=207) is multi-threaded, use of fork() may lead to deadlocks in the child.
[2026-07-14T08:22:52.819+0000] {standard_task_runner.py:90} INFO - Running: ['***', 'tasks', 'run', 'stock_etl_pipeline', 'dbt_run_task', 'scheduled__2026-07-07T22:00:00+00:00', '--job-id', '30', '--raw', '--subdir', 'DAGS_FOLDER/stock_pipeline_dag.py', '--cfg-path', '/tmp/tmp83xdlf9a']
[2026-07-14T08:22:52.820+0000] {standard_task_runner.py:63} INFO - Started process 212 to run task
[2026-07-14T08:22:52.821+0000] {standard_task_runner.py:91} INFO - Job 30: Subtask dbt_run_task
[2026-07-14T08:22:52.865+0000] {task_command.py:426} INFO - Running <TaskInstance: stock_etl_pipeline.dbt_run_task scheduled__2026-07-07T22:00:00+00:00 [running]> on host 4bb633874362
[2026-07-14T08:22:52.948+0000] {taskinstance.py:2648} INFO - Exporting env vars: AIRFLOW_CTX_DAG_OWNER='tent' AIRFLOW_CTX_DAG_ID='stock_etl_pipeline' AIRFLOW_CTX_TASK_ID='dbt_run_task' AIRFLOW_CTX_EXECUTION_DATE='2026-07-07T22:00:00+00:00' AIRFLOW_CTX_TRY_NUMBER='1' AIRFLOW_CTX_DAG_RUN_ID='scheduled__2026-07-07T22:00:00+00:00'
[2026-07-14T08:22:52.949+0000] {taskinstance.py:430} INFO - ::endgroup::
[2026-07-14T08:22:52.961+0000] {subprocess.py:63} INFO - Tmp dir root location: /tmp
[2026-07-14T08:22:52.962+0000] {subprocess.py:75} INFO - Running command: ['/usr/bin/bash', '-c', 'cd /opt/***/dbt_project && dbt run --profiles-dir /opt/***/dbt_profiles']
[2026-07-14T08:22:52.977+0000] {subprocess.py:86} INFO - Output:
[2026-07-14T08:22:55.558+0000] {subprocess.py:93} INFO - [0m08:22:55  Running with dbt=1.12.0-rc1
[2026-07-14T08:22:56.122+0000] {subprocess.py:93} INFO - [0m08:22:56  Registered adapter: postgres=1.10.2
[2026-07-14T08:22:56.888+0000] {subprocess.py:93} INFO - [0m08:22:56  Found 4 models, 6 data tests, 1 source, 475 macros
[2026-07-14T08:22:56.894+0000] {subprocess.py:93} INFO - [0m08:22:56
[2026-07-14T08:22:56.895+0000] {subprocess.py:93} INFO - [0m08:22:56  Concurrency: 4 threads (target='dev')
[2026-07-14T08:22:56.897+0000] {subprocess.py:93} INFO - [0m08:22:56
[2026-07-14T08:22:57.041+0000] {subprocess.py:93} INFO - [0m08:22:57  1 of 4 START sql table model public.my_first_dbt_model ......................... [RUN]
[2026-07-14T08:22:57.043+0000] {subprocess.py:93} INFO - [0m08:22:57  2 of 4 START sql view model public.stg_stock_prices ............................ [RUN]
[2026-07-14T08:22:57.352+0000] {subprocess.py:93} INFO - [0m08:22:57  2 of 4 OK created sql view model public.stg_stock_prices ....................... [[32mCREATE VIEW[0m in 0.30s]
[2026-07-14T08:22:57.360+0000] {subprocess.py:93} INFO - [0m08:22:57  3 of 4 START sql view model public.mart_stock_indicators ....................... [RUN]
[2026-07-14T08:22:57.381+0000] {subprocess.py:93} INFO - [0m08:22:57  1 of 4 ERROR creating sql table model public.my_first_dbt_model ................ [[31mERROR[0m in 0.33s]
[2026-07-14T08:22:57.388+0000] {subprocess.py:93} INFO - [0m08:22:57  4 of 4 SKIP relation public.my_second_dbt_model ................................ [[33mSKIP[0m]
[2026-07-14T08:22:57.456+0000] {subprocess.py:93} INFO - [0m08:22:57  3 of 4 OK created sql view model public.mart_stock_indicators .................. [[32mCREATE VIEW[0m in 0.09s]
[2026-07-14T08:22:57.479+0000] {subprocess.py:93} INFO - [0m08:22:57
[2026-07-14T08:22:57.480+0000] {subprocess.py:93} INFO - [0m08:22:57  Finished running 1 table model, 3 view models in 0 hours 0 minutes and 0.58 seconds (0.58s).
[2026-07-14T08:22:57.715+0000] {subprocess.py:93} INFO - [0m08:22:57
[2026-07-14T08:22:57.717+0000] {subprocess.py:93} INFO - [0m08:22:57  [31mCompleted with 1 error, 0 partial successes, and 0 warnings:[0m
[2026-07-14T08:22:57.719+0000] {subprocess.py:93} INFO - [0m08:22:57
[2026-07-14T08:22:57.721+0000] {subprocess.py:93} INFO - [0m08:22:57  [[31mERROR[0m]: in model my_first_dbt_model (models/example/my_first_dbt_model.sql)
[2026-07-14T08:22:57.722+0000] {subprocess.py:93} INFO - [0m08:22:57    Database Error in model my_first_dbt_model (models/example/my_first_dbt_model.sql)
[2026-07-14T08:22:57.723+0000] {subprocess.py:93} INFO -   relation "my_first_dbt_model__dbt_backup" already exists
[2026-07-14T08:22:57.724+0000] {subprocess.py:93} INFO -   compiled code at target/run/dbt_project/models/example/my_first_dbt_model.sql
[2026-07-14T08:22:57.724+0000] {subprocess.py:93} INFO - [0m08:22:57
[2026-07-14T08:22:57.727+0000] {subprocess.py:93} INFO - [0m08:22:57    compiled code at target/compiled/dbt_project/models/example/my_first_dbt_model.sql
[2026-07-14T08:22:57.728+0000] {subprocess.py:93} INFO - [0m08:22:57
[2026-07-14T08:22:57.730+0000] {subprocess.py:93} INFO - [0m08:22:57  Done. PASS=2 WARN=0 ERROR=1 SKIP=1 NO-OP=0 REUSED=0 TOTAL=4
[2026-07-14T08:22:59.318+0000] {subprocess.py:97} INFO - Command exited with return code 1
[2026-07-14T08:22:59.319+0000] {taskinstance.py:441} INFO - ::group::Post task execution logs
[2026-07-14T08:22:59.328+0000] {taskinstance.py:2905} ERROR - Task failed with exception
Traceback (most recent call last):
  File "/home/airflow/.local/lib/python3.12/site-packages/airflow/models/taskinstance.py", line 465, in _execute_task
    result = _execute_callable(context=context, **execute_callable_kwargs)
             ^^^^^^^^^^^^^^^^^^^^^^^^^^^^^^^^^^^^^^^^^^^^^^^^^^^^^^^^^^^^^
  File "/home/airflow/.local/lib/python3.12/site-packages/airflow/models/taskinstance.py", line 432, in _execute_callable
    return execute_callable(context=context, **execute_callable_kwargs)
           ^^^^^^^^^^^^^^^^^^^^^^^^^^^^^^^^^^^^^^^^^^^^^^^^^^^^^^^^^^^^
  File "/home/airflow/.local/lib/python3.12/site-packages/airflow/models/baseoperator.py", line 401, in wrapper
    return func(self, *args, **kwargs)
           ^^^^^^^^^^^^^^^^^^^^^^^^^^^
  File "/home/airflow/.local/lib/python3.12/site-packages/airflow/operators/bash.py", line 243, in execute
    raise AirflowException(
airflow.exceptions.AirflowException: Bash command failed. The command returned a non-zero exit code 1.
[2026-07-14T08:22:59.333+0000] {taskinstance.py:1206} INFO - Marking task as UP_FOR_RETRY. dag_id=stock_etl_pipeline, task_id=dbt_run_task, run_id=scheduled__2026-07-07T22:00:00+00:00, execution_date=20260707T220000, start_date=20260714T082252, end_date=20260714T082259
[2026-07-14T08:22:59.343+0000] {standard_task_runner.py:110} ERROR - Failed to execute job 30 for task dbt_run_task (Bash command failed. The command returned a non-zero exit code 1.; 212)
[2026-07-14T08:22:59.373+0000] {local_task_job_runner.py:240} INFO - Task exited with return code 1
[2026-07-14T08:22:59.389+0000] {taskinstance.py:3503} INFO - 0 downstream tasks scheduled from follow-on schedule check
[2026-07-14T08:22:59.391+0000] {local_task_job_runner.py:222} INFO - ::endgroup::
