[2026-07-08T10:53:19.039+0000] {local_task_job_runner.py:120} INFO - ::group::Pre task execution logs
[2026-07-08T10:53:19.065+0000] {taskinstance.py:2076} INFO - Dependencies all met for dep_context=non-requeueable deps ti=<TaskInstance: stock_etl_pipeline.extract_task manual__2026-07-08T10:53:18.045179+00:00 [queued]>
[2026-07-08T10:53:19.071+0000] {taskinstance.py:2076} INFO - Dependencies all met for dep_context=requeueable deps ti=<TaskInstance: stock_etl_pipeline.extract_task manual__2026-07-08T10:53:18.045179+00:00 [queued]>
[2026-07-08T10:53:19.072+0000] {taskinstance.py:2306} INFO - Starting attempt 1 of 3
[2026-07-08T10:53:19.081+0000] {taskinstance.py:2330} INFO - Executing <Task(PythonOperator): extract_task> on 2026-07-08 10:53:18.045179+00:00
[2026-07-08T10:53:19.088+0000] {standard_task_runner.py:90} INFO - Running: ['***', 'tasks', 'run', 'stock_etl_pipeline', 'extract_task', 'manual__2026-07-08T10:53:18.045179+00:00', '--job-id', '15', '--raw', '--subdir', 'DAGS_FOLDER/stock_pipeline_dag.py', '--cfg-path', '/tmp/tmpqq3a1vd0']
[2026-07-08T10:53:19.088+0000] {logging_mixin.py:188} WARNING - /home/***/.local/lib/python3.12/site-packages/***/task/task_runner/standard_task_runner.py:61 DeprecationWarning: This process (pid=326) is multi-threaded, use of fork() may lead to deadlocks in the child.
[2026-07-08T10:53:19.091+0000] {standard_task_runner.py:63} INFO - Started process 328 to run task
[2026-07-08T10:53:19.090+0000] {standard_task_runner.py:91} INFO - Job 15: Subtask extract_task
[2026-07-08T10:53:19.136+0000] {task_command.py:426} INFO - Running <TaskInstance: stock_etl_pipeline.extract_task manual__2026-07-08T10:53:18.045179+00:00 [running]> on host 4bb633874362
[2026-07-08T10:53:19.201+0000] {taskinstance.py:2648} INFO - Exporting env vars: AIRFLOW_CTX_DAG_OWNER='tent' AIRFLOW_CTX_DAG_ID='stock_etl_pipeline' AIRFLOW_CTX_TASK_ID='extract_task' AIRFLOW_CTX_EXECUTION_DATE='2026-07-08T10:53:18.045179+00:00' AIRFLOW_CTX_TRY_NUMBER='1' AIRFLOW_CTX_DAG_RUN_ID='manual__2026-07-08T10:53:18.045179+00:00'
[2026-07-08T10:53:19.202+0000] {taskinstance.py:430} INFO - ::endgroup::
[2026-07-08T10:53:19.211+0000] {extract_stock_data.py:16} INFO - Fetching data for SNDK...
[2026-07-08T10:53:19.685+0000] {extract_stock_data.py:16} INFO - Fetching data for ASTS...
[2026-07-08T10:53:19.751+0000] {extract_stock_data.py:16} INFO - Fetching data for JNJ...
[2026-07-08T10:53:19.938+0000] {extract_stock_data.py:16} INFO - Fetching data for GOOGL...
[2026-07-08T10:53:19.997+0000] {extract_stock_data.py:16} INFO - Fetching data for VRT...
[2026-07-08T10:53:20.063+0000] {extract_stock_data.py:16} INFO - Fetching data for NVDA...
[2026-07-08T10:53:20.140+0000] {extract_stock_data.py:16} INFO - Fetching data for RKLB...
[2026-07-08T10:53:20.223+0000] {python.py:237} INFO - Done. Returned value was: None
[2026-07-08T10:53:20.224+0000] {taskinstance.py:441} INFO - ::group::Post task execution logs
[2026-07-08T10:53:20.232+0000] {taskinstance.py:1206} INFO - Marking task as SUCCESS. dag_id=stock_etl_pipeline, task_id=extract_task, run_id=manual__2026-07-08T10:53:18.045179+00:00, execution_date=20260708T105318, start_date=20260708T105319, end_date=20260708T105320
[2026-07-08T10:53:20.270+0000] {local_task_job_runner.py:240} INFO - Task exited with return code 0
[2026-07-08T10:53:20.291+0000] {taskinstance.py:3503} INFO - 1 downstream tasks scheduled from follow-on schedule check
[2026-07-08T10:53:20.292+0000] {local_task_job_runner.py:222} INFO - ::endgroup::
