[2026-07-08T10:58:02.405+0000] {local_task_job_runner.py:120} INFO - ::group::Pre task execution logs
[2026-07-08T10:58:02.435+0000] {taskinstance.py:2076} INFO - Dependencies all met for dep_context=non-requeueable deps ti=<TaskInstance: stock_etl_pipeline.load_task manual__2026-07-08T10:52:56.584849+00:00 [queued]>
[2026-07-08T10:58:02.443+0000] {taskinstance.py:2076} INFO - Dependencies all met for dep_context=requeueable deps ti=<TaskInstance: stock_etl_pipeline.load_task manual__2026-07-08T10:52:56.584849+00:00 [queued]>
[2026-07-08T10:58:02.444+0000] {taskinstance.py:2306} INFO - Starting attempt 2 of 3
[2026-07-08T10:58:02.455+0000] {taskinstance.py:2330} INFO - Executing <Task(PythonOperator): load_task> on 2026-07-08 10:52:56.584849+00:00
[2026-07-08T10:58:02.463+0000] {logging_mixin.py:188} WARNING - /home/***/.local/lib/python3.12/site-packages/***/task/task_runner/standard_task_runner.py:61 DeprecationWarning: This process (pid=486) is multi-threaded, use of fork() may lead to deadlocks in the child.
[2026-07-08T10:58:02.463+0000] {standard_task_runner.py:90} INFO - Running: ['***', 'tasks', 'run', 'stock_etl_pipeline', 'load_task', 'manual__2026-07-08T10:52:56.584849+00:00', '--job-id', '20', '--raw', '--subdir', 'DAGS_FOLDER/stock_pipeline_dag.py', '--cfg-path', '/tmp/tmp3vu76vy2']
[2026-07-08T10:58:02.465+0000] {standard_task_runner.py:91} INFO - Job 20: Subtask load_task
[2026-07-08T10:58:02.465+0000] {standard_task_runner.py:63} INFO - Started process 488 to run task
[2026-07-08T10:58:02.524+0000] {task_command.py:426} INFO - Running <TaskInstance: stock_etl_pipeline.load_task manual__2026-07-08T10:52:56.584849+00:00 [running]> on host 4bb633874362
[2026-07-08T10:58:02.606+0000] {taskinstance.py:2648} INFO - Exporting env vars: AIRFLOW_CTX_DAG_OWNER='tent' AIRFLOW_CTX_DAG_ID='stock_etl_pipeline' AIRFLOW_CTX_TASK_ID='load_task' AIRFLOW_CTX_EXECUTION_DATE='2026-07-08T10:52:56.584849+00:00' AIRFLOW_CTX_TRY_NUMBER='2' AIRFLOW_CTX_DAG_RUN_ID='manual__2026-07-08T10:52:56.584849+00:00'
[2026-07-08T10:58:02.608+0000] {taskinstance.py:430} INFO - ::endgroup::
[2026-07-08T10:58:02.639+0000] {logging_mixin.py:188} WARNING - /opt/***/dags/stock_pipeline_dag.py:30 FutureWarning: Passing literal json to 'read_json' is deprecated and will be removed in a future version. To read from a literal string, wrap it in a 'StringIO' object.
[2026-07-08T10:58:02.666+0000] {load_stock_data.py:37} INFO - Table 'raw_stock_prices' is ready.
[2026-07-08T10:58:02.681+0000] {load_stock_data.py:67} INFO - Loaded 35 rows into 'raw_stock_prices'.
[2026-07-08T10:58:02.682+0000] {python.py:237} INFO - Done. Returned value was: None
[2026-07-08T10:58:02.683+0000] {taskinstance.py:441} INFO - ::group::Post task execution logs
[2026-07-08T10:58:02.695+0000] {taskinstance.py:1206} INFO - Marking task as SUCCESS. dag_id=stock_etl_pipeline, task_id=load_task, run_id=manual__2026-07-08T10:52:56.584849+00:00, execution_date=20260708T105256, start_date=20260708T105802, end_date=20260708T105802
[2026-07-08T10:58:02.764+0000] {local_task_job_runner.py:240} INFO - Task exited with return code 0
[2026-07-08T10:58:02.785+0000] {taskinstance.py:3503} INFO - 1 downstream tasks scheduled from follow-on schedule check
[2026-07-08T10:58:02.788+0000] {local_task_job_runner.py:222} INFO - ::endgroup::
