[2026-07-14T08:22:50.598+0000] {local_task_job_runner.py:120} INFO - ::group::Pre task execution logs
[2026-07-14T08:22:50.632+0000] {taskinstance.py:2076} INFO - Dependencies all met for dep_context=non-requeueable deps ti=<TaskInstance: stock_etl_pipeline.load_task scheduled__2026-07-07T22:00:00+00:00 [queued]>
[2026-07-14T08:22:50.641+0000] {taskinstance.py:2076} INFO - Dependencies all met for dep_context=requeueable deps ti=<TaskInstance: stock_etl_pipeline.load_task scheduled__2026-07-07T22:00:00+00:00 [queued]>
[2026-07-14T08:22:50.643+0000] {taskinstance.py:2306} INFO - Starting attempt 1 of 3
[2026-07-14T08:22:50.654+0000] {taskinstance.py:2330} INFO - Executing <Task(PythonOperator): load_task> on 2026-07-07 22:00:00+00:00
[2026-07-14T08:22:50.662+0000] {logging_mixin.py:188} WARNING - /home/***/.local/lib/python3.12/site-packages/***/task/task_runner/standard_task_runner.py:61 DeprecationWarning: This process (pid=201) is multi-threaded, use of fork() may lead to deadlocks in the child.
[2026-07-14T08:22:50.662+0000] {standard_task_runner.py:90} INFO - Running: ['***', 'tasks', 'run', 'stock_etl_pipeline', 'load_task', 'scheduled__2026-07-07T22:00:00+00:00', '--job-id', '27', '--raw', '--subdir', 'DAGS_FOLDER/stock_pipeline_dag.py', '--cfg-path', '/tmp/tmp1o16qtt2']
[2026-07-14T08:22:50.665+0000] {standard_task_runner.py:91} INFO - Job 27: Subtask load_task
[2026-07-14T08:22:50.664+0000] {standard_task_runner.py:63} INFO - Started process 205 to run task
[2026-07-14T08:22:50.711+0000] {task_command.py:426} INFO - Running <TaskInstance: stock_etl_pipeline.load_task scheduled__2026-07-07T22:00:00+00:00 [running]> on host 4bb633874362
[2026-07-14T08:22:50.777+0000] {taskinstance.py:2648} INFO - Exporting env vars: AIRFLOW_CTX_DAG_OWNER='tent' AIRFLOW_CTX_DAG_ID='stock_etl_pipeline' AIRFLOW_CTX_TASK_ID='load_task' AIRFLOW_CTX_EXECUTION_DATE='2026-07-07T22:00:00+00:00' AIRFLOW_CTX_TRY_NUMBER='1' AIRFLOW_CTX_DAG_RUN_ID='scheduled__2026-07-07T22:00:00+00:00'
[2026-07-14T08:22:50.778+0000] {taskinstance.py:430} INFO - ::endgroup::
[2026-07-14T08:22:50.802+0000] {logging_mixin.py:188} WARNING - /opt/***/dags/stock_pipeline_dag.py:30 FutureWarning: Passing literal json to 'read_json' is deprecated and will be removed in a future version. To read from a literal string, wrap it in a 'StringIO' object.
[2026-07-14T08:22:50.822+0000] {load_stock_data.py:37} INFO - Table 'raw_stock_prices' is ready.
[2026-07-14T08:22:50.837+0000] {load_stock_data.py:67} INFO - Loaded 35 rows into 'raw_stock_prices'.
[2026-07-14T08:22:50.837+0000] {python.py:237} INFO - Done. Returned value was: None
[2026-07-14T08:22:50.838+0000] {taskinstance.py:441} INFO - ::group::Post task execution logs
[2026-07-14T08:22:50.846+0000] {taskinstance.py:1206} INFO - Marking task as SUCCESS. dag_id=stock_etl_pipeline, task_id=load_task, run_id=scheduled__2026-07-07T22:00:00+00:00, execution_date=20260707T220000, start_date=20260714T082250, end_date=20260714T082250
[2026-07-14T08:22:50.882+0000] {local_task_job_runner.py:240} INFO - Task exited with return code 0
[2026-07-14T08:22:50.900+0000] {taskinstance.py:3503} INFO - 1 downstream tasks scheduled from follow-on schedule check
[2026-07-14T08:22:50.902+0000] {local_task_job_runner.py:222} INFO - ::endgroup::
