[2026-07-08T10:52:57.876+0000] {local_task_job_runner.py:120} INFO - ::group::Pre task execution logs
[2026-07-08T10:52:57.902+0000] {taskinstance.py:2076} INFO - Dependencies all met for dep_context=non-requeueable deps ti=<TaskInstance: stock_etl_pipeline.extract_task manual__2026-07-08T10:52:56.584849+00:00 [queued]>
[2026-07-08T10:52:57.909+0000] {taskinstance.py:2076} INFO - Dependencies all met for dep_context=requeueable deps ti=<TaskInstance: stock_etl_pipeline.extract_task manual__2026-07-08T10:52:56.584849+00:00 [queued]>
[2026-07-08T10:52:57.909+0000] {taskinstance.py:2306} INFO - Starting attempt 1 of 3
[2026-07-08T10:52:57.919+0000] {taskinstance.py:2330} INFO - Executing <Task(PythonOperator): extract_task> on 2026-07-08 10:52:56.584849+00:00
[2026-07-08T10:52:57.926+0000] {logging_mixin.py:188} WARNING - /home/***/.local/lib/python3.12/site-packages/***/task/task_runner/standard_task_runner.py:61 DeprecationWarning: This process (pid=304) is multi-threaded, use of fork() may lead to deadlocks in the child.
[2026-07-08T10:52:57.926+0000] {standard_task_runner.py:90} INFO - Running: ['***', 'tasks', 'run', 'stock_etl_pipeline', 'extract_task', 'manual__2026-07-08T10:52:56.584849+00:00', '--job-id', '13', '--raw', '--subdir', 'DAGS_FOLDER/stock_pipeline_dag.py', '--cfg-path', '/tmp/tmpavq5f84y']
[2026-07-08T10:52:57.928+0000] {standard_task_runner.py:63} INFO - Started process 306 to run task
[2026-07-08T10:52:57.928+0000] {standard_task_runner.py:91} INFO - Job 13: Subtask extract_task
[2026-07-08T10:52:57.972+0000] {task_command.py:426} INFO - Running <TaskInstance: stock_etl_pipeline.extract_task manual__2026-07-08T10:52:56.584849+00:00 [running]> on host 4bb633874362
[2026-07-08T10:52:58.031+0000] {taskinstance.py:2648} INFO - Exporting env vars: AIRFLOW_CTX_DAG_OWNER='tent' AIRFLOW_CTX_DAG_ID='stock_etl_pipeline' AIRFLOW_CTX_TASK_ID='extract_task' AIRFLOW_CTX_EXECUTION_DATE='2026-07-08T10:52:56.584849+00:00' AIRFLOW_CTX_TRY_NUMBER='1' AIRFLOW_CTX_DAG_RUN_ID='manual__2026-07-08T10:52:56.584849+00:00'
[2026-07-08T10:52:58.033+0000] {taskinstance.py:430} INFO - ::endgroup::
[2026-07-08T10:52:58.041+0000] {extract_stock_data.py:16} INFO - Fetching data for SNDK...
[2026-07-08T10:52:59.144+0000] {extract_stock_data.py:16} INFO - Fetching data for ASTS...
[2026-07-08T10:52:59.276+0000] {extract_stock_data.py:16} INFO - Fetching data for JNJ...
[2026-07-08T10:52:59.553+0000] {extract_stock_data.py:16} INFO - Fetching data for GOOGL...
[2026-07-08T10:52:59.666+0000] {extract_stock_data.py:16} INFO - Fetching data for VRT...
[2026-07-08T10:52:59.791+0000] {extract_stock_data.py:16} INFO - Fetching data for NVDA...
[2026-07-08T10:52:59.966+0000] {extract_stock_data.py:16} INFO - Fetching data for RKLB...
[2026-07-08T10:53:00.090+0000] {python.py:237} INFO - Done. Returned value was: None
[2026-07-08T10:53:00.091+0000] {taskinstance.py:441} INFO - ::group::Post task execution logs
[2026-07-08T10:53:00.099+0000] {taskinstance.py:1206} INFO - Marking task as SUCCESS. dag_id=stock_etl_pipeline, task_id=extract_task, run_id=manual__2026-07-08T10:52:56.584849+00:00, execution_date=20260708T105256, start_date=20260708T105257, end_date=20260708T105300
[2026-07-08T10:53:00.114+0000] {local_task_job_runner.py:240} INFO - Task exited with return code 0
[2026-07-08T10:53:00.133+0000] {taskinstance.py:3503} INFO - 1 downstream tasks scheduled from follow-on schedule check
[2026-07-08T10:53:00.135+0000] {local_task_job_runner.py:222} INFO - ::endgroup::
