[2026-07-08T10:40:19.067+0000] {local_task_job_runner.py:120} INFO - ::group::Pre task execution logs
[2026-07-08T10:40:19.099+0000] {taskinstance.py:2076} INFO - Dependencies all met for dep_context=non-requeueable deps ti=<TaskInstance: stock_etl_pipeline.extract_task scheduled__2026-07-06T22:00:00+00:00 [queued]>
[2026-07-08T10:40:19.104+0000] {taskinstance.py:2076} INFO - Dependencies all met for dep_context=requeueable deps ti=<TaskInstance: stock_etl_pipeline.extract_task scheduled__2026-07-06T22:00:00+00:00 [queued]>
[2026-07-08T10:40:19.105+0000] {taskinstance.py:2306} INFO - Starting attempt 1 of 3
[2026-07-08T10:40:19.113+0000] {taskinstance.py:2330} INFO - Executing <Task(PythonOperator): extract_task> on 2026-07-06 22:00:00+00:00
[2026-07-08T10:40:19.120+0000] {logging_mixin.py:188} WARNING - /home/***/.local/lib/python3.12/site-packages/***/task/task_runner/standard_task_runner.py:61 DeprecationWarning: This process (pid=272) is multi-threaded, use of fork() may lead to deadlocks in the child.
[2026-07-08T10:40:19.121+0000] {standard_task_runner.py:63} INFO - Started process 274 to run task
[2026-07-08T10:40:19.120+0000] {standard_task_runner.py:90} INFO - Running: ['***', 'tasks', 'run', 'stock_etl_pipeline', 'extract_task', 'scheduled__2026-07-06T22:00:00+00:00', '--job-id', '4', '--raw', '--subdir', 'DAGS_FOLDER/stock_pipeline_dag.py', '--cfg-path', '/tmp/tmp6a216zl4']
[2026-07-08T10:40:19.122+0000] {standard_task_runner.py:91} INFO - Job 4: Subtask extract_task
[2026-07-08T10:40:19.163+0000] {task_command.py:426} INFO - Running <TaskInstance: stock_etl_pipeline.extract_task scheduled__2026-07-06T22:00:00+00:00 [running]> on host e1f8da5b0837
[2026-07-08T10:40:19.228+0000] {taskinstance.py:2648} INFO - Exporting env vars: AIRFLOW_CTX_DAG_OWNER='tent' AIRFLOW_CTX_DAG_ID='stock_etl_pipeline' AIRFLOW_CTX_TASK_ID='extract_task' AIRFLOW_CTX_EXECUTION_DATE='2026-07-06T22:00:00+00:00' AIRFLOW_CTX_TRY_NUMBER='1' AIRFLOW_CTX_DAG_RUN_ID='scheduled__2026-07-06T22:00:00+00:00'
[2026-07-08T10:40:19.230+0000] {taskinstance.py:430} INFO - ::endgroup::
[2026-07-08T10:40:19.256+0000] {extract_stock_data.py:16} INFO - Fetching data for SNDK...
[2026-07-08T10:40:20.125+0000] {extract_stock_data.py:16} INFO - Fetching data for ASTS...
[2026-07-08T10:40:20.253+0000] {extract_stock_data.py:16} INFO - Fetching data for JNJ...
[2026-07-08T10:40:20.631+0000] {extract_stock_data.py:16} INFO - Fetching data for GOOGL...
[2026-07-08T10:40:20.772+0000] {extract_stock_data.py:16} INFO - Fetching data for VRT...
[2026-07-08T10:40:20.927+0000] {extract_stock_data.py:16} INFO - Fetching data for NVDA...
[2026-07-08T10:40:21.071+0000] {extract_stock_data.py:16} INFO - Fetching data for RKLB...
[2026-07-08T10:40:21.205+0000] {python.py:237} INFO - Done. Returned value was: None
[2026-07-08T10:40:21.206+0000] {taskinstance.py:441} INFO - ::group::Post task execution logs
[2026-07-08T10:40:21.214+0000] {taskinstance.py:1206} INFO - Marking task as SUCCESS. dag_id=stock_etl_pipeline, task_id=extract_task, run_id=scheduled__2026-07-06T22:00:00+00:00, execution_date=20260706T220000, start_date=20260708T104019, end_date=20260708T104021
[2026-07-08T10:40:21.263+0000] {local_task_job_runner.py:240} INFO - Task exited with return code 0
[2026-07-08T10:40:21.284+0000] {taskinstance.py:3503} INFO - 1 downstream tasks scheduled from follow-on schedule check
[2026-07-08T10:40:21.286+0000] {local_task_job_runner.py:222} INFO - ::endgroup::
