[2026-07-14T08:28:01.025+0000] {local_task_job_runner.py:120} INFO - ::group::Pre task execution logs
[2026-07-14T08:28:01.054+0000] {taskinstance.py:2076} INFO - Dependencies all met for dep_context=non-requeueable deps ti=<TaskInstance: stock_etl_pipeline.dbt_run_task scheduled__2026-07-10T22:00:00+00:00 [queued]>
[2026-07-14T08:28:01.066+0000] {taskinstance.py:2076} INFO - Dependencies all met for dep_context=requeueable deps ti=<TaskInstance: stock_etl_pipeline.dbt_run_task scheduled__2026-07-10T22:00:00+00:00 [queued]>
[2026-07-14T08:28:01.067+0000] {taskinstance.py:2306} INFO - Starting attempt 2 of 3
[2026-07-14T08:28:01.078+0000] {taskinstance.py:2330} INFO - Executing <Task(BashOperator): dbt_run_task> on 2026-07-10 22:00:00+00:00
[2026-07-14T08:28:01.086+0000] {standard_task_runner.py:90} INFO - Running: ['***', 'tasks', 'run', 'stock_etl_pipeline', 'dbt_run_task', 'scheduled__2026-07-10T22:00:00+00:00', '--job-id', '32', '--raw', '--subdir', 'DAGS_FOLDER/stock_pipeline_dag.py', '--cfg-path', '/tmp/tmpc4rv4p1u']
[2026-07-14T08:28:01.087+0000] {logging_mixin.py:188} WARNING - /home/***/.local/lib/python3.12/site-packages/***/task/task_runner/standard_task_runner.py:61 DeprecationWarning: This process (pid=370) is multi-threaded, use of fork() may lead to deadlocks in the child.
[2026-07-14T08:28:01.088+0000] {standard_task_runner.py:91} INFO - Job 32: Subtask dbt_run_task
[2026-07-14T08:28:01.089+0000] {standard_task_runner.py:63} INFO - Started process 374 to run task
[2026-07-14T08:28:01.136+0000] {task_command.py:426} INFO - Running <TaskInstance: stock_etl_pipeline.dbt_run_task scheduled__2026-07-10T22:00:00+00:00 [running]> on host 4bb633874362
[2026-07-14T08:28:01.207+0000] {taskinstance.py:2648} INFO - Exporting env vars: AIRFLOW_CTX_DAG_OWNER='tent' AIRFLOW_CTX_DAG_ID='stock_etl_pipeline' AIRFLOW_CTX_TASK_ID='dbt_run_task' AIRFLOW_CTX_EXECUTION_DATE='2026-07-10T22:00:00+00:00' AIRFLOW_CTX_TRY_NUMBER='2' AIRFLOW_CTX_DAG_RUN_ID='scheduled__2026-07-10T22:00:00+00:00'
[2026-07-14T08:28:01.209+0000] {taskinstance.py:430} INFO - ::endgroup::
[2026-07-14T08:28:01.220+0000] {subprocess.py:63} INFO - Tmp dir root location: /tmp
[2026-07-14T08:28:01.221+0000] {subprocess.py:75} INFO - Running command: ['/usr/bin/bash', '-c', 'cd /opt/***/dbt_project && dbt run --profiles-dir /opt/***/dbt_profiles']
[2026-07-14T08:28:01.232+0000] {subprocess.py:86} INFO - Output:
[2026-07-14T08:28:03.630+0000] {subprocess.py:93} INFO - [0m08:28:03  Running with dbt=1.12.0-rc1
[2026-07-14T08:28:04.129+0000] {subprocess.py:93} INFO - [0m08:28:04  Registered adapter: postgres=1.10.2
[2026-07-14T08:28:04.732+0000] {subprocess.py:93} INFO - [0m08:28:04  Found 4 models, 6 data tests, 1 source, 475 macros
[2026-07-14T08:28:04.736+0000] {subprocess.py:93} INFO - [0m08:28:04
[2026-07-14T08:28:04.737+0000] {subprocess.py:93} INFO - [0m08:28:04  Concurrency: 4 threads (target='dev')
[2026-07-14T08:28:04.739+0000] {subprocess.py:93} INFO - [0m08:28:04
[2026-07-14T08:28:04.864+0000] {subprocess.py:93} INFO - [0m08:28:04  1 of 4 START sql table model public.my_first_dbt_model ......................... [RUN]
[2026-07-14T08:28:04.865+0000] {subprocess.py:93} INFO - [0m08:28:04  2 of 4 START sql view model public.stg_stock_prices ............................ [RUN]
[2026-07-14T08:28:05.122+0000] {subprocess.py:93} INFO - [0m08:28:05  1 of 4 OK created sql table model public.my_first_dbt_model .................... [[32mSELECT 2[0m in 0.25s]
[2026-07-14T08:28:05.123+0000] {subprocess.py:93} INFO - [0m08:28:05  2 of 4 OK created sql view model public.stg_stock_prices ....................... [[32mCREATE VIEW[0m in 0.25s]
[2026-07-14T08:28:05.129+0000] {subprocess.py:93} INFO - [0m08:28:05  3 of 4 START sql view model public.my_second_dbt_model ......................... [RUN]
[2026-07-14T08:28:05.130+0000] {subprocess.py:93} INFO - [0m08:28:05  4 of 4 START sql view model public.mart_stock_indicators ....................... [RUN]
[2026-07-14T08:28:05.203+0000] {subprocess.py:93} INFO - [0m08:28:05  3 of 4 OK created sql view model public.my_second_dbt_model .................... [[32mCREATE VIEW[0m in 0.07s]
[2026-07-14T08:28:05.214+0000] {subprocess.py:93} INFO - [0m08:28:05  4 of 4 OK created sql view model public.mart_stock_indicators .................. [[32mCREATE VIEW[0m in 0.08s]
[2026-07-14T08:28:05.231+0000] {subprocess.py:93} INFO - [0m08:28:05
[2026-07-14T08:28:05.232+0000] {subprocess.py:93} INFO - [0m08:28:05  Finished running 1 table model, 3 view models in 0 hours 0 minutes and 0.49 seconds (0.49s).
[2026-07-14T08:28:05.336+0000] {subprocess.py:93} INFO - [0m08:28:05
[2026-07-14T08:28:05.338+0000] {subprocess.py:93} INFO - [0m08:28:05  [32mCompleted successfully[0m
[2026-07-14T08:28:05.339+0000] {subprocess.py:93} INFO - [0m08:28:05
[2026-07-14T08:28:05.340+0000] {subprocess.py:93} INFO - [0m08:28:05  Done. PASS=4 WARN=0 ERROR=0 SKIP=0 NO-OP=0 REUSED=0 TOTAL=4
[2026-07-14T08:28:07.002+0000] {subprocess.py:97} INFO - Command exited with return code 0
[2026-07-14T08:28:07.003+0000] {taskinstance.py:441} INFO - ::group::Post task execution logs
[2026-07-14T08:28:07.025+0000] {taskinstance.py:1206} INFO - Marking task as SUCCESS. dag_id=stock_etl_pipeline, task_id=dbt_run_task, run_id=scheduled__2026-07-10T22:00:00+00:00, execution_date=20260710T220000, start_date=20260714T082801, end_date=20260714T082807
[2026-07-14T08:28:07.075+0000] {local_task_job_runner.py:240} INFO - Task exited with return code 0
[2026-07-14T08:28:07.088+0000] {taskinstance.py:3503} INFO - 0 downstream tasks scheduled from follow-on schedule check
[2026-07-14T08:28:07.090+0000] {local_task_job_runner.py:222} INFO - ::endgroup::
