[2026-07-14T08:22:52.761+0000] {local_task_job_runner.py:120} INFO - ::group::Pre task execution logs
[2026-07-14T08:22:52.786+0000] {taskinstance.py:2076} INFO - Dependencies all met for dep_context=non-requeueable deps ti=<TaskInstance: stock_etl_pipeline.dbt_run_task scheduled__2026-07-10T22:00:00+00:00 [queued]>
[2026-07-14T08:22:52.794+0000] {taskinstance.py:2076} INFO - Dependencies all met for dep_context=requeueable deps ti=<TaskInstance: stock_etl_pipeline.dbt_run_task scheduled__2026-07-10T22:00:00+00:00 [queued]>
[2026-07-14T08:22:52.795+0000] {taskinstance.py:2306} INFO - Starting attempt 1 of 3
[2026-07-14T08:22:52.805+0000] {taskinstance.py:2330} INFO - Executing <Task(BashOperator): dbt_run_task> on 2026-07-10 22:00:00+00:00
[2026-07-14T08:22:52.811+0000] {logging_mixin.py:188} WARNING - /home/***/.local/lib/python3.12/site-packages/***/task/task_runner/standard_task_runner.py:61 DeprecationWarning: This process (pid=208) is multi-threaded, use of fork() may lead to deadlocks in the child.
[2026-07-14T08:22:52.811+0000] {standard_task_runner.py:90} INFO - Running: ['***', 'tasks', 'run', 'stock_etl_pipeline', 'dbt_run_task', 'scheduled__2026-07-10T22:00:00+00:00', '--job-id', '29', '--raw', '--subdir', 'DAGS_FOLDER/stock_pipeline_dag.py', '--cfg-path', '/tmp/tmp8rt5zj9o']
[2026-07-14T08:22:52.813+0000] {standard_task_runner.py:63} INFO - Started process 211 to run task
[2026-07-14T08:22:52.814+0000] {standard_task_runner.py:91} INFO - Job 29: Subtask dbt_run_task
[2026-07-14T08:22:52.857+0000] {task_command.py:426} INFO - Running <TaskInstance: stock_etl_pipeline.dbt_run_task scheduled__2026-07-10T22:00:00+00:00 [running]> on host 4bb633874362
[2026-07-14T08:22:52.947+0000] {taskinstance.py:2648} INFO - Exporting env vars: AIRFLOW_CTX_DAG_OWNER='tent' AIRFLOW_CTX_DAG_ID='stock_etl_pipeline' AIRFLOW_CTX_TASK_ID='dbt_run_task' AIRFLOW_CTX_EXECUTION_DATE='2026-07-10T22:00:00+00:00' AIRFLOW_CTX_TRY_NUMBER='1' AIRFLOW_CTX_DAG_RUN_ID='scheduled__2026-07-10T22:00:00+00:00'
[2026-07-14T08:22:52.949+0000] {taskinstance.py:430} INFO - ::endgroup::
[2026-07-14T08:22:52.962+0000] {subprocess.py:63} INFO - Tmp dir root location: /tmp
[2026-07-14T08:22:52.963+0000] {subprocess.py:75} INFO - Running command: ['/usr/bin/bash', '-c', 'cd /opt/***/dbt_project && dbt run --profiles-dir /opt/***/dbt_profiles']
[2026-07-14T08:22:52.977+0000] {subprocess.py:86} INFO - Output:
[2026-07-14T08:22:55.558+0000] {subprocess.py:93} INFO - [0m08:22:55  Running with dbt=1.12.0-rc1
[2026-07-14T08:22:56.117+0000] {subprocess.py:93} INFO - [0m08:22:56  Registered adapter: postgres=1.10.2
[2026-07-14T08:22:56.889+0000] {subprocess.py:93} INFO - [0m08:22:56  Found 4 models, 6 data tests, 1 source, 475 macros
[2026-07-14T08:22:56.895+0000] {subprocess.py:93} INFO - [0m08:22:56
[2026-07-14T08:22:56.896+0000] {subprocess.py:93} INFO - [0m08:22:56  Concurrency: 4 threads (target='dev')
[2026-07-14T08:22:56.898+0000] {subprocess.py:93} INFO - [0m08:22:56
[2026-07-14T08:22:57.040+0000] {subprocess.py:93} INFO - [0m08:22:57  1 of 4 START sql table model public.my_first_dbt_model ......................... [RUN]
[2026-07-14T08:22:57.042+0000] {subprocess.py:93} INFO - [0m08:22:57  2 of 4 START sql view model public.stg_stock_prices ............................ [RUN]
[2026-07-14T08:22:57.363+0000] {subprocess.py:93} INFO - [0m08:22:57  2 of 4 ERROR creating sql view model public.stg_stock_prices ................... [[31mERROR[0m in 0.31s]
[2026-07-14T08:22:57.368+0000] {subprocess.py:93} INFO - [0m08:22:57  1 of 4 OK created sql table model public.my_first_dbt_model .................... [[32mSELECT 2[0m in 0.32s]
[2026-07-14T08:22:57.377+0000] {subprocess.py:93} INFO - [0m08:22:57  3 of 4 SKIP relation public.mart_stock_indicators .............................. [[33mSKIP[0m]
[2026-07-14T08:22:57.378+0000] {subprocess.py:93} INFO - [0m08:22:57  4 of 4 START sql view model public.my_second_dbt_model ......................... [RUN]
[2026-07-14T08:22:57.463+0000] {subprocess.py:93} INFO - [0m08:22:57  4 of 4 OK created sql view model public.my_second_dbt_model .................... [[32mCREATE VIEW[0m in 0.08s]
[2026-07-14T08:22:57.483+0000] {subprocess.py:93} INFO - [0m08:22:57
[2026-07-14T08:22:57.485+0000] {subprocess.py:93} INFO - [0m08:22:57  Finished running 1 table model, 3 view models in 0 hours 0 minutes and 0.58 seconds (0.58s).
[2026-07-14T08:22:57.714+0000] {subprocess.py:93} INFO - [0m08:22:57
[2026-07-14T08:22:57.716+0000] {subprocess.py:93} INFO - [0m08:22:57  [31mCompleted with 1 error, 0 partial successes, and 0 warnings:[0m
[2026-07-14T08:22:57.718+0000] {subprocess.py:93} INFO - [0m08:22:57
[2026-07-14T08:22:57.720+0000] {subprocess.py:93} INFO - [0m08:22:57  [[31mERROR[0m]: in model stg_stock_prices (models/staging/stg_stock_prices.sql)
[2026-07-14T08:22:57.722+0000] {subprocess.py:93} INFO - [0m08:22:57    Database Error in model stg_stock_prices (models/staging/stg_stock_prices.sql)
[2026-07-14T08:22:57.722+0000] {subprocess.py:93} INFO -   relation "stg_stock_prices__dbt_backup" already exists
[2026-07-14T08:22:57.723+0000] {subprocess.py:93} INFO -   compiled code at target/run/dbt_project/models/staging/stg_stock_prices.sql
[2026-07-14T08:22:57.724+0000] {subprocess.py:93} INFO - [0m08:22:57
[2026-07-14T08:22:57.724+0000] {subprocess.py:93} INFO - [0m08:22:57    compiled code at target/compiled/dbt_project/models/staging/stg_stock_prices.sql
[2026-07-14T08:22:57.725+0000] {subprocess.py:93} INFO - [0m08:22:57
[2026-07-14T08:22:57.727+0000] {subprocess.py:93} INFO - [0m08:22:57  Done. PASS=2 WARN=0 ERROR=1 SKIP=1 NO-OP=0 REUSED=0 TOTAL=4
[2026-07-14T08:22:59.318+0000] {subprocess.py:97} INFO - Command exited with return code 1
[2026-07-14T08:22:59.319+0000] {taskinstance.py:441} INFO - ::group::Post task execution logs
[2026-07-14T08:22:59.329+0000] {taskinstance.py:2905} ERROR - Task failed with exception
Traceback (most recent call last):
  File "/home/airflow/.local/lib/python3.12/site-packages/airflow/models/taskinstance.py", line 465, in _execute_task
    result = _execute_callable(context=context, **execute_callable_kwargs)
             ^^^^^^^^^^^^^^^^^^^^^^^^^^^^^^^^^^^^^^^^^^^^^^^^^^^^^^^^^^^^^
  File "/home/airflow/.local/lib/python3.12/site-packages/airflow/models/taskinstance.py", line 432, in _execute_callable
    return execute_callable(context=context, **execute_callable_kwargs)
           ^^^^^^^^^^^^^^^^^^^^^^^^^^^^^^^^^^^^^^^^^^^^^^^^^^^^^^^^^^^^
  File "/home/airflow/.local/lib/python3.12/site-packages/airflow/models/baseoperator.py", line 401, in wrapper
    return func(self, *args, **kwargs)
           ^^^^^^^^^^^^^^^^^^^^^^^^^^^
  File "/home/airflow/.local/lib/python3.12/site-packages/airflow/operators/bash.py", line 243, in execute
    raise AirflowException(
airflow.exceptions.AirflowException: Bash command failed. The command returned a non-zero exit code 1.
[2026-07-14T08:22:59.333+0000] {taskinstance.py:1206} INFO - Marking task as UP_FOR_RETRY. dag_id=stock_etl_pipeline, task_id=dbt_run_task, run_id=scheduled__2026-07-10T22:00:00+00:00, execution_date=20260710T220000, start_date=20260714T082252, end_date=20260714T082259
[2026-07-14T08:22:59.344+0000] {standard_task_runner.py:110} ERROR - Failed to execute job 29 for task dbt_run_task (Bash command failed. The command returned a non-zero exit code 1.; 211)
[2026-07-14T08:22:59.368+0000] {local_task_job_runner.py:240} INFO - Task exited with return code 1
[2026-07-14T08:22:59.381+0000] {taskinstance.py:3503} INFO - 0 downstream tasks scheduled from follow-on schedule check
[2026-07-14T08:22:59.383+0000] {local_task_job_runner.py:222} INFO - ::endgroup::
