[2026-07-08T10:58:23.459+0000] {local_task_job_runner.py:120} INFO - ::group::Pre task execution logs
[2026-07-08T10:58:23.483+0000] {taskinstance.py:2076} INFO - Dependencies all met for dep_context=non-requeueable deps ti=<TaskInstance: stock_etl_pipeline.dbt_run_task manual__2026-07-08T10:53:18.045179+00:00 [queued]>
[2026-07-08T10:58:23.490+0000] {taskinstance.py:2076} INFO - Dependencies all met for dep_context=requeueable deps ti=<TaskInstance: stock_etl_pipeline.dbt_run_task manual__2026-07-08T10:53:18.045179+00:00 [queued]>
[2026-07-08T10:58:23.491+0000] {taskinstance.py:2306} INFO - Starting attempt 1 of 3
[2026-07-08T10:58:23.501+0000] {taskinstance.py:2330} INFO - Executing <Task(BashOperator): dbt_run_task> on 2026-07-08 10:53:18.045179+00:00
[2026-07-08T10:58:23.509+0000] {logging_mixin.py:188} WARNING - /home/***/.local/lib/python3.12/site-packages/***/task/task_runner/standard_task_runner.py:61 DeprecationWarning: This process (pid=513) is multi-threaded, use of fork() may lead to deadlocks in the child.
[2026-07-08T10:58:23.510+0000] {standard_task_runner.py:63} INFO - Started process 515 to run task
[2026-07-08T10:58:23.508+0000] {standard_task_runner.py:90} INFO - Running: ['***', 'tasks', 'run', 'stock_etl_pipeline', 'dbt_run_task', 'manual__2026-07-08T10:53:18.045179+00:00', '--job-id', '23', '--raw', '--subdir', 'DAGS_FOLDER/stock_pipeline_dag.py', '--cfg-path', '/tmp/tmpz11upp9f']
[2026-07-08T10:58:23.511+0000] {standard_task_runner.py:91} INFO - Job 23: Subtask dbt_run_task
[2026-07-08T10:58:23.556+0000] {task_command.py:426} INFO - Running <TaskInstance: stock_etl_pipeline.dbt_run_task manual__2026-07-08T10:53:18.045179+00:00 [running]> on host 4bb633874362
[2026-07-08T10:58:23.624+0000] {taskinstance.py:2648} INFO - Exporting env vars: AIRFLOW_CTX_DAG_OWNER='tent' AIRFLOW_CTX_DAG_ID='stock_etl_pipeline' AIRFLOW_CTX_TASK_ID='dbt_run_task' AIRFLOW_CTX_EXECUTION_DATE='2026-07-08T10:53:18.045179+00:00' AIRFLOW_CTX_TRY_NUMBER='1' AIRFLOW_CTX_DAG_RUN_ID='manual__2026-07-08T10:53:18.045179+00:00'
[2026-07-08T10:58:23.626+0000] {taskinstance.py:430} INFO - ::endgroup::
[2026-07-08T10:58:23.634+0000] {subprocess.py:63} INFO - Tmp dir root location: /tmp
[2026-07-08T10:58:23.636+0000] {subprocess.py:75} INFO - Running command: ['/usr/bin/bash', '-c', 'cd /opt/***/dbt_project && dbt run --profiles-dir /opt/***/dbt_profiles']
[2026-07-08T10:58:23.645+0000] {subprocess.py:86} INFO - Output:
[2026-07-08T10:58:25.846+0000] {subprocess.py:93} INFO - [0m10:58:25  Running with dbt=1.12.0-rc1
[2026-07-08T10:58:26.266+0000] {subprocess.py:93} INFO - [0m10:58:26  Registered adapter: postgres=1.10.2
[2026-07-08T10:58:26.785+0000] {subprocess.py:93} INFO - [0m10:58:26  Found 4 models, 6 data tests, 1 source, 475 macros
[2026-07-08T10:58:26.790+0000] {subprocess.py:93} INFO - [0m10:58:26
[2026-07-08T10:58:26.791+0000] {subprocess.py:93} INFO - [0m10:58:26  Concurrency: 4 threads (target='dev')
[2026-07-08T10:58:26.792+0000] {subprocess.py:93} INFO - [0m10:58:26
[2026-07-08T10:58:26.901+0000] {subprocess.py:93} INFO - [0m10:58:26  1 of 4 START sql table model public.my_first_dbt_model ......................... [RUN]
[2026-07-08T10:58:26.902+0000] {subprocess.py:93} INFO - [0m10:58:26  2 of 4 START sql view model public.stg_stock_prices ............................ [RUN]
[2026-07-08T10:58:27.130+0000] {subprocess.py:93} INFO - [0m10:58:27  1 of 4 OK created sql table model public.my_first_dbt_model .................... [[32mSELECT 2[0m in 0.22s]
[2026-07-08T10:58:27.131+0000] {subprocess.py:93} INFO - [0m10:58:27  2 of 4 OK created sql view model public.stg_stock_prices ....................... [[32mCREATE VIEW[0m in 0.22s]
[2026-07-08T10:58:27.136+0000] {subprocess.py:93} INFO - [0m10:58:27  3 of 4 START sql view model public.my_second_dbt_model ......................... [RUN]
[2026-07-08T10:58:27.137+0000] {subprocess.py:93} INFO - [0m10:58:27  4 of 4 START sql view model public.mart_stock_indicators ....................... [RUN]
[2026-07-08T10:58:27.210+0000] {subprocess.py:93} INFO - [0m10:58:27  3 of 4 OK created sql view model public.my_second_dbt_model .................... [[32mCREATE VIEW[0m in 0.07s]
[2026-07-08T10:58:27.213+0000] {subprocess.py:93} INFO - [0m10:58:27  4 of 4 OK created sql view model public.mart_stock_indicators .................. [[32mCREATE VIEW[0m in 0.07s]
[2026-07-08T10:58:27.230+0000] {subprocess.py:93} INFO - [0m10:58:27
[2026-07-08T10:58:27.231+0000] {subprocess.py:93} INFO - [0m10:58:27  Finished running 1 table model, 3 view models in 0 hours 0 minutes and 0.44 seconds (0.44s).
[2026-07-08T10:58:27.316+0000] {subprocess.py:93} INFO - [0m10:58:27
[2026-07-08T10:58:27.317+0000] {subprocess.py:93} INFO - [0m10:58:27  [32mCompleted successfully[0m
[2026-07-08T10:58:27.318+0000] {subprocess.py:93} INFO - [0m10:58:27
[2026-07-08T10:58:27.319+0000] {subprocess.py:93} INFO - [0m10:58:27  Done. PASS=4 WARN=0 ERROR=0 SKIP=0 NO-OP=0 REUSED=0 TOTAL=4
[2026-07-08T10:58:28.743+0000] {subprocess.py:97} INFO - Command exited with return code 0
[2026-07-08T10:58:28.745+0000] {taskinstance.py:441} INFO - ::group::Post task execution logs
[2026-07-08T10:58:28.766+0000] {taskinstance.py:1206} INFO - Marking task as SUCCESS. dag_id=stock_etl_pipeline, task_id=dbt_run_task, run_id=manual__2026-07-08T10:53:18.045179+00:00, execution_date=20260708T105318, start_date=20260708T105823, end_date=20260708T105828
[2026-07-08T10:58:28.782+0000] {local_task_job_runner.py:240} INFO - Task exited with return code 0
[2026-07-08T10:58:28.793+0000] {taskinstance.py:3503} INFO - 0 downstream tasks scheduled from follow-on schedule check
[2026-07-08T10:58:28.795+0000] {local_task_job_runner.py:222} INFO - ::endgroup::
